2020-05-14 02:23:53,142 :: INFO :: function [create_student_chapter] finished in 43.76 seconds (0.73 min.)
2020-05-14 02:24:36,183 :: INFO :: function [create_student_chapters] finished in 43.04 seconds (0.72 min.)
2020-05-14 02:32:52,938 :: INFO :: function [update_student_chapter] finished in 496.75 seconds (8.28 min.)
2020-05-14 02:32:52,939 :: INFO :: function [create_chapter_tables] finished in 583.56 seconds (9.73 min.)
2020-05-14 02:32:52,940 :: INFO :: skills()
2020-05-14 02:33:10,968 :: INFO :: function [create_student_identification_table] finished in 18.02 seconds (0.3 min.)
2020-05-14 09:31:13,581 :: INFO :: function [create_student_counting_table] finished in 25082.61 seconds (418.04 min.)
2020-05-14 09:31:25,391 :: INFO :: function [create_student_association_table] finished in 11.81 seconds (0.2 min.)
2020-05-14 09:33:00,497 :: INFO :: function [create_student_tag] finished in 95.1 seconds (1.58 min.)
2020-05-14 09:35:46,773 :: INFO :: function [create_student_tags] finished in 166.27 seconds (2.77 min.)
2020-05-14 09:36:37,357 :: INFO :: function [create_student_words] finished in 50.58 seconds (0.84 min.)
2020-05-14 09:36:37,545 :: INFO :: function [create_words] finished in 0.19 seconds (0.0 min.)
2020-05-14 09:37:22,638 :: INFO :: function [create_student_syllabs] finished in 45.09 seconds (0.75 min.)
2020-05-14 09:37:22,640 :: INFO :: tasks()
2020-05-14 09:37:56,939 :: INFO :: function [digital_decision] finished in 34.29 seconds (0.57 min.)
2020-05-14 09:38:01,040 :: INFO :: function [avg_digital_decision] finished in 4.1 seconds (0.07 min.)
2020-05-14 09:38:01,349 :: INFO :: function [digital_decision_matrix] finished in 0.31 seconds (0.01 min.)
2020-05-14 09:38:02,736 :: INFO :: function [format_digital_matrix] finished in 1.39 seconds (0.02 min.)
2020-05-14 09:38:02,737 :: INFO :: function [create_digital_decision] finished in 40.09 seconds (0.67 min.)
2020-05-14 09:39:34,545 :: INFO :: function [lexical_decision] finished in 91.81 seconds (1.53 min.)
2020-05-14 09:39:34,935 :: INFO :: function [avg_lexical_decision] finished in 0.39 seconds (0.01 min.)
2020-05-14 09:39:35,236 :: INFO :: function [lexical_decision_matrix] finished in 0.3 seconds (0.0 min.)
2020-05-14 09:39:36,191 :: INFO :: function [format_lexical_matrix] finished in 0.95 seconds (0.02 min.)
2020-05-14 09:39:36,193 :: INFO :: function [create_lexical_decision] finished in 93.45 seconds (1.56 min.)
2020-05-14 09:39:36,193 :: INFO :: function [create_decision_tables] finished in 133.55 seconds (2.23 min.)
2020-05-14 09:47:03,671 :: INFO :: function [fill_student_confusion] finished in 447.46 seconds (7.46 min.)
2020-05-14 09:51:59,113 :: INFO :: function [insert_student_confusion] finished in 249.94 seconds (4.17 min.)
2020-05-14 09:51:59,115 :: INFO :: function [create_student_confusion] finished in 742.91 seconds (12.38 min.)
2020-05-14 09:53:10,930 :: INFO :: function [create_student_confusion_matrix] finished in 71.82 seconds (1.2 min.)
2020-05-14 09:54:02,104 :: INFO :: function [create_confusion] finished in 51.17 seconds (0.85 min.)
2020-05-14 09:54:02,250 :: INFO :: function [create_confusion_tables] finished in 866.05 seconds (14.43 min.)
2020-05-14 09:54:02,252 :: INFO :: function [cmd] finished in 28587.18 seconds (476.45 min.)
